0 info it worked if it ends with ok
1 verbose cli [ 'C:\\Program Files\\nodejs\\node.exe',
1 verbose cli   'C:\\Program Files\\nodejs\\node_modules\\npm\\bin\\npm-cli.js',
1 verbose cli   '--quiet',
1 verbose cli   'install' ]
2 info using npm@3.10.10
3 info using node@v6.11.4
4 silly loadCurrentTree Starting
5 silly install loadCurrentTree
6 silly install readLocalPackageData
7 silly install normalizeTree
8 silly loadCurrentTree Finishing
9 silly loadIdealTree Starting
10 silly install loadIdealTree
11 silly cloneCurrentTree Starting
12 silly install cloneCurrentTreeToIdealTree
13 silly cloneCurrentTree Finishing
14 silly loadShrinkwrap Starting
15 silly install loadShrinkwrap
16 silly loadShrinkwrap Finishing
17 silly loadAllDepsIntoIdealTree Starting
18 silly install loadAllDepsIntoIdealTree
19 silly fetchNamedPackageData @angular/animations
20 silly mapToRegistry name @angular/animations
21 silly mapToRegistry scope (from package name) @angular
22 verbose mapToRegistry no registry URL found in name for scope @angular
23 silly mapToRegistry using default registry
24 silly mapToRegistry registry https://registry.npmjs.org/
25 silly mapToRegistry data Result {
25 silly mapToRegistry   raw: '@angular/animations',
25 silly mapToRegistry   scope: '@angular',
25 silly mapToRegistry   escapedName: '@angular%2fanimations',
25 silly mapToRegistry   name: '@angular/animations',
25 silly mapToRegistry   rawSpec: '',
25 silly mapToRegistry   spec: 'latest',
25 silly mapToRegistry   type: 'tag' }
26 silly mapToRegistry uri https://registry.npmjs.org/@angular%2fanimations
27 silly fetchNamedPackageData @angular/common
28 silly mapToRegistry name @angular/common
29 silly mapToRegistry scope (from package name) @angular
30 verbose mapToRegistry no registry URL found in name for scope @angular
31 silly mapToRegistry using default registry
32 silly mapToRegistry registry https://registry.npmjs.org/
33 silly mapToRegistry data Result {
33 silly mapToRegistry   raw: '@angular/common',
33 silly mapToRegistry   scope: '@angular',
33 silly mapToRegistry   escapedName: '@angular%2fcommon',
33 silly mapToRegistry   name: '@angular/common',
33 silly mapToRegistry   rawSpec: '',
33 silly mapToRegistry   spec: 'latest',
33 silly mapToRegistry   type: 'tag' }
34 silly mapToRegistry uri https://registry.npmjs.org/@angular%2fcommon
35 silly fetchNamedPackageData @angular/compiler
36 silly mapToRegistry name @angular/compiler
37 silly mapToRegistry scope (from package name) @angular
38 verbose mapToRegistry no registry URL found in name for scope @angular
39 silly mapToRegistry using default registry
40 silly mapToRegistry registry https://registry.npmjs.org/
41 silly mapToRegistry data Result {
41 silly mapToRegistry   raw: '@angular/compiler',
41 silly mapToRegistry   scope: '@angular',
41 silly mapToRegistry   escapedName: '@angular%2fcompiler',
41 silly mapToRegistry   name: '@angular/compiler',
41 silly mapToRegistry   rawSpec: '',
41 silly mapToRegistry   spec: 'latest',
41 silly mapToRegistry   type: 'tag' }
42 silly mapToRegistry uri https://registry.npmjs.org/@angular%2fcompiler
43 silly fetchNamedPackageData @angular/core
44 silly mapToRegistry name @angular/core
45 silly mapToRegistry scope (from package name) @angular
46 verbose mapToRegistry no registry URL found in name for scope @angular
47 silly mapToRegistry using default registry
48 silly mapToRegistry registry https://registry.npmjs.org/
49 silly mapToRegistry data Result {
49 silly mapToRegistry   raw: '@angular/core',
49 silly mapToRegistry   scope: '@angular',
49 silly mapToRegistry   escapedName: '@angular%2fcore',
49 silly mapToRegistry   name: '@angular/core',
49 silly mapToRegistry   rawSpec: '',
49 silly mapToRegistry   spec: 'latest',
49 silly mapToRegistry   type: 'tag' }
50 silly mapToRegistry uri https://registry.npmjs.org/@angular%2fcore
51 silly fetchNamedPackageData @angular/forms
52 silly mapToRegistry name @angular/forms
53 silly mapToRegistry scope (from package name) @angular
54 verbose mapToRegistry no registry URL found in name for scope @angular
55 silly mapToRegistry using default registry
56 silly mapToRegistry registry https://registry.npmjs.org/
57 silly mapToRegistry data Result {
57 silly mapToRegistry   raw: '@angular/forms',
57 silly mapToRegistry   scope: '@angular',
57 silly mapToRegistry   escapedName: '@angular%2fforms',
57 silly mapToRegistry   name: '@angular/forms',
57 silly mapToRegistry   rawSpec: '',
57 silly mapToRegistry   spec: 'latest',
57 silly mapToRegistry   type: 'tag' }
58 silly mapToRegistry uri https://registry.npmjs.org/@angular%2fforms
59 silly fetchNamedPackageData @angular/http
60 silly mapToRegistry name @angular/http
61 silly mapToRegistry scope (from package name) @angular
62 verbose mapToRegistry no registry URL found in name for scope @angular
63 silly mapToRegistry using default registry
64 silly mapToRegistry registry https://registry.npmjs.org/
65 silly mapToRegistry data Result {
65 silly mapToRegistry   raw: '@angular/http',
65 silly mapToRegistry   scope: '@angular',
65 silly mapToRegistry   escapedName: '@angular%2fhttp',
65 silly mapToRegistry   name: '@angular/http',
65 silly mapToRegistry   rawSpec: '',
65 silly mapToRegistry   spec: 'latest',
65 silly mapToRegistry   type: 'tag' }
66 silly mapToRegistry uri https://registry.npmjs.org/@angular%2fhttp
67 silly fetchNamedPackageData @angular/platform-browser
68 silly mapToRegistry name @angular/platform-browser
69 silly mapToRegistry scope (from package name) @angular
70 verbose mapToRegistry no registry URL found in name for scope @angular
71 silly mapToRegistry using default registry
72 silly mapToRegistry registry https://registry.npmjs.org/
73 silly mapToRegistry data Result {
73 silly mapToRegistry   raw: '@angular/platform-browser',
73 silly mapToRegistry   scope: '@angular',
73 silly mapToRegistry   escapedName: '@angular%2fplatform-browser',
73 silly mapToRegistry   name: '@angular/platform-browser',
73 silly mapToRegistry   rawSpec: '',
73 silly mapToRegistry   spec: 'latest',
73 silly mapToRegistry   type: 'tag' }
74 silly mapToRegistry uri https://registry.npmjs.org/@angular%2fplatform-browser
75 silly fetchNamedPackageData @angular/platform-browser-dynamic
76 silly mapToRegistry name @angular/platform-browser-dynamic
77 silly mapToRegistry scope (from package name) @angular
78 verbose mapToRegistry no registry URL found in name for scope @angular
79 silly mapToRegistry using default registry
80 silly mapToRegistry registry https://registry.npmjs.org/
81 silly mapToRegistry data Result {
81 silly mapToRegistry   raw: '@angular/platform-browser-dynamic',
81 silly mapToRegistry   scope: '@angular',
81 silly mapToRegistry   escapedName: '@angular%2fplatform-browser-dynamic',
81 silly mapToRegistry   name: '@angular/platform-browser-dynamic',
81 silly mapToRegistry   rawSpec: '',
81 silly mapToRegistry   spec: 'latest',
81 silly mapToRegistry   type: 'tag' }
82 silly mapToRegistry uri https://registry.npmjs.org/@angular%2fplatform-browser-dynamic
83 silly fetchNamedPackageData @angular/router
84 silly mapToRegistry name @angular/router
85 silly mapToRegistry scope (from package name) @angular
86 verbose mapToRegistry no registry URL found in name for scope @angular
87 silly mapToRegistry using default registry
88 silly mapToRegistry registry https://registry.npmjs.org/
89 silly mapToRegistry data Result {
89 silly mapToRegistry   raw: '@angular/router',
89 silly mapToRegistry   scope: '@angular',
89 silly mapToRegistry   escapedName: '@angular%2frouter',
89 silly mapToRegistry   name: '@angular/router',
89 silly mapToRegistry   rawSpec: '',
89 silly mapToRegistry   spec: 'latest',
89 silly mapToRegistry   type: 'tag' }
90 silly mapToRegistry uri https://registry.npmjs.org/@angular%2frouter
91 silly fetchNamedPackageData core-js
92 silly mapToRegistry name core-js
93 silly mapToRegistry using default registry
94 silly mapToRegistry registry https://registry.npmjs.org/
95 silly mapToRegistry data Result {
95 silly mapToRegistry   raw: 'core-js',
95 silly mapToRegistry   scope: null,
95 silly mapToRegistry   escapedName: 'core-js',
95 silly mapToRegistry   name: 'core-js',
95 silly mapToRegistry   rawSpec: '',
95 silly mapToRegistry   spec: 'latest',
95 silly mapToRegistry   type: 'tag' }
96 silly mapToRegistry uri https://registry.npmjs.org/core-js
97 silly fetchNamedPackageData rxjs
98 silly mapToRegistry name rxjs
99 silly mapToRegistry using default registry
100 silly mapToRegistry registry https://registry.npmjs.org/
101 silly mapToRegistry data Result {
101 silly mapToRegistry   raw: 'rxjs',
101 silly mapToRegistry   scope: null,
101 silly mapToRegistry   escapedName: 'rxjs',
101 silly mapToRegistry   name: 'rxjs',
101 silly mapToRegistry   rawSpec: '',
101 silly mapToRegistry   spec: 'latest',
101 silly mapToRegistry   type: 'tag' }
102 silly mapToRegistry uri https://registry.npmjs.org/rxjs
103 silly fetchNamedPackageData zone.js
104 silly mapToRegistry name zone.js
105 silly mapToRegistry using default registry
106 silly mapToRegistry registry https://registry.npmjs.org/
107 silly mapToRegistry data Result {
107 silly mapToRegistry   raw: 'zone.js',
107 silly mapToRegistry   scope: null,
107 silly mapToRegistry   escapedName: 'zone.js',
107 silly mapToRegistry   name: 'zone.js',
107 silly mapToRegistry   rawSpec: '',
107 silly mapToRegistry   spec: 'latest',
107 silly mapToRegistry   type: 'tag' }
108 silly mapToRegistry uri https://registry.npmjs.org/zone.js
109 verbose request uri https://registry.npmjs.org/@angular%2fanimations
110 verbose request no auth needed
111 info attempt registry request try #1 at 3:21:47 AM
112 verbose request id a9e32ba38cb7f0ae
113 verbose etag W/"59f7fa7d-14de4"
114 verbose lastModified Tue, 31 Oct 2017 04:22:21 GMT
115 http request GET https://registry.npmjs.org/@angular%2fanimations
116 verbose request uri https://registry.npmjs.org/@angular%2fhttp
117 verbose request no auth needed
118 info attempt registry request try #1 at 3:21:47 AM
119 verbose etag W/"59f7fa94-24547"
120 verbose lastModified Tue, 31 Oct 2017 04:22:44 GMT
121 http request GET https://registry.npmjs.org/@angular%2fhttp
122 verbose request uri https://registry.npmjs.org/@angular%2fcore
123 verbose request no auth needed
124 info attempt registry request try #1 at 3:21:47 AM
125 verbose etag W/"59f7fa90-237d3"
126 verbose lastModified Tue, 31 Oct 2017 04:22:40 GMT
127 http request GET https://registry.npmjs.org/@angular%2fcore
128 verbose request uri https://registry.npmjs.org/@angular%2fcommon
129 verbose request no auth needed
130 info attempt registry request try #1 at 3:21:47 AM
131 verbose etag W/"59f7fa85-23ed0"
132 verbose lastModified Tue, 31 Oct 2017 04:22:29 GMT
133 http request GET https://registry.npmjs.org/@angular%2fcommon
134 verbose request uri https://registry.npmjs.org/@angular%2fcompiler
135 verbose request no auth needed
136 info attempt registry request try #1 at 3:21:47 AM
137 verbose etag W/"59f7fa8a-24171"
138 verbose lastModified Tue, 31 Oct 2017 04:22:34 GMT
139 http request GET https://registry.npmjs.org/@angular%2fcompiler
140 info retry will retry, error on last attempt: Error: getaddrinfo ENOTFOUND registry.npmjs.org registry.npmjs.org:443
141 verbose request uri https://registry.npmjs.org/@angular%2fforms
142 verbose request no auth needed
143 info attempt registry request try #1 at 3:21:47 AM
144 verbose etag W/"59f7fa92-23216"
145 verbose lastModified Tue, 31 Oct 2017 04:22:42 GMT
146 http request GET https://registry.npmjs.org/@angular%2fforms
147 verbose request uri https://registry.npmjs.org/rxjs
148 verbose request no auth needed
149 info attempt registry request try #1 at 3:21:47 AM
150 verbose etag W/"59f0b69b-382e8"
151 verbose lastModified Wed, 25 Oct 2017 16:06:51 GMT
152 http request GET https://registry.npmjs.org/rxjs
153 verbose request uri https://registry.npmjs.org/zone.js
154 verbose request no auth needed
155 info attempt registry request try #1 at 3:21:47 AM
156 verbose etag W/"59d4e24b-2caae"
157 verbose lastModified Wed, 04 Oct 2017 13:29:47 GMT
158 http request GET https://registry.npmjs.org/zone.js
159 verbose request uri https://registry.npmjs.org/@angular%2fplatform-browser-dynamic
160 verbose request no auth needed
161 info attempt registry request try #1 at 3:21:47 AM
162 verbose etag W/"59f7fa9d-2c8aa"
163 verbose lastModified Tue, 31 Oct 2017 04:22:53 GMT
164 http request GET https://registry.npmjs.org/@angular%2fplatform-browser-dynamic
165 verbose request uri https://registry.npmjs.org/core-js
166 verbose request no auth needed
167 info attempt registry request try #1 at 3:21:48 AM
168 verbose etag W/"59f5d34e-39b34"
169 verbose lastModified Sun, 29 Oct 2017 13:10:38 GMT
170 http request GET https://registry.npmjs.org/core-js
171 info retry will retry, error on last attempt: Error: getaddrinfo ENOTFOUND registry.npmjs.org registry.npmjs.org:443
172 info retry will retry, error on last attempt: Error: getaddrinfo ENOTFOUND registry.npmjs.org registry.npmjs.org:443
173 info retry will retry, error on last attempt: Error: getaddrinfo ENOTFOUND registry.npmjs.org registry.npmjs.org:443
174 info retry will retry, error on last attempt: Error: getaddrinfo ENOTFOUND registry.npmjs.org registry.npmjs.org:443
175 info retry will retry, error on last attempt: Error: getaddrinfo ENOTFOUND registry.npmjs.org registry.npmjs.org:443
176 info retry will retry, error on last attempt: Error: getaddrinfo ENOTFOUND registry.npmjs.org registry.npmjs.org:443
177 info retry will retry, error on last attempt: Error: getaddrinfo ENOTFOUND registry.npmjs.org registry.npmjs.org:443
178 info retry will retry, error on last attempt: Error: getaddrinfo ENOTFOUND registry.npmjs.org registry.npmjs.org:443
179 info retry will retry, error on last attempt: Error: getaddrinfo ENOTFOUND registry.npmjs.org registry.npmjs.org:443
180 verbose request uri https://registry.npmjs.org/@angular%2fplatform-browser
181 verbose request no auth needed
182 info attempt registry request try #1 at 3:21:48 AM
183 verbose etag W/"59f7fa9b-27c57"
184 verbose lastModified Tue, 31 Oct 2017 04:22:51 GMT
185 http request GET https://registry.npmjs.org/@angular%2fplatform-browser
186 verbose request uri https://registry.npmjs.org/@angular%2frouter
187 verbose request no auth needed
188 info attempt registry request try #1 at 3:21:48 AM
189 verbose etag W/"59f7faa5-2e8ff"
190 verbose lastModified Tue, 31 Oct 2017 04:23:01 GMT
191 http request GET https://registry.npmjs.org/@angular%2frouter
192 info retry will retry, error on last attempt: Error: getaddrinfo ENOTFOUND registry.npmjs.org registry.npmjs.org:443
193 info retry will retry, error on last attempt: Error: getaddrinfo ENOTFOUND registry.npmjs.org registry.npmjs.org:443
194 info attempt registry request try #2 at 3:21:57 AM
195 verbose etag W/"59f7fa7d-14de4"
196 verbose lastModified Tue, 31 Oct 2017 04:22:21 GMT
197 http request GET https://registry.npmjs.org/@angular%2fanimations
198 info retry will retry, error on last attempt: Error: getaddrinfo ENOTFOUND registry.npmjs.org registry.npmjs.org:443
199 info attempt registry request try #2 at 3:21:58 AM
200 verbose etag W/"59f7fa94-24547"
201 verbose lastModified Tue, 31 Oct 2017 04:22:44 GMT
202 http request GET https://registry.npmjs.org/@angular%2fhttp
203 info attempt registry request try #2 at 3:21:58 AM
204 verbose etag W/"59f7fa90-237d3"
205 verbose lastModified Tue, 31 Oct 2017 04:22:40 GMT
206 http request GET https://registry.npmjs.org/@angular%2fcore
207 info attempt registry request try #2 at 3:21:58 AM
208 verbose etag W/"59f7fa85-23ed0"
209 verbose lastModified Tue, 31 Oct 2017 04:22:29 GMT
210 http request GET https://registry.npmjs.org/@angular%2fcommon
211 info attempt registry request try #2 at 3:21:58 AM
212 verbose etag W/"59f7fa8a-24171"
213 verbose lastModified Tue, 31 Oct 2017 04:22:34 GMT
214 http request GET https://registry.npmjs.org/@angular%2fcompiler
215 info attempt registry request try #2 at 3:21:58 AM
216 verbose etag W/"59f7fa92-23216"
217 verbose lastModified Tue, 31 Oct 2017 04:22:42 GMT
218 http request GET https://registry.npmjs.org/@angular%2fforms
219 info attempt registry request try #2 at 3:21:58 AM
220 verbose etag W/"59f0b69b-382e8"
221 verbose lastModified Wed, 25 Oct 2017 16:06:51 GMT
222 http request GET https://registry.npmjs.org/rxjs
223 info attempt registry request try #2 at 3:21:58 AM
224 verbose etag W/"59d4e24b-2caae"
225 verbose lastModified Wed, 04 Oct 2017 13:29:47 GMT
226 http request GET https://registry.npmjs.org/zone.js
227 info attempt registry request try #2 at 3:21:58 AM
228 verbose etag W/"59f7fa9d-2c8aa"
229 verbose lastModified Tue, 31 Oct 2017 04:22:53 GMT
230 http request GET https://registry.npmjs.org/@angular%2fplatform-browser-dynamic
231 info attempt registry request try #2 at 3:21:58 AM
232 verbose etag W/"59f5d34e-39b34"
233 verbose lastModified Sun, 29 Oct 2017 13:10:38 GMT
234 http request GET https://registry.npmjs.org/core-js
235 info retry will retry, error on last attempt: Error: getaddrinfo ENOTFOUND registry.npmjs.org registry.npmjs.org:443
236 info retry will retry, error on last attempt: Error: getaddrinfo ENOTFOUND registry.npmjs.org registry.npmjs.org:443
237 info retry will retry, error on last attempt: Error: getaddrinfo ENOTFOUND registry.npmjs.org registry.npmjs.org:443
238 info retry will retry, error on last attempt: Error: getaddrinfo ENOTFOUND registry.npmjs.org registry.npmjs.org:443
239 info retry will retry, error on last attempt: Error: getaddrinfo ENOTFOUND registry.npmjs.org registry.npmjs.org:443
240 info retry will retry, error on last attempt: Error: getaddrinfo ENOTFOUND registry.npmjs.org registry.npmjs.org:443
241 info retry will retry, error on last attempt: Error: getaddrinfo ENOTFOUND registry.npmjs.org registry.npmjs.org:443
242 info retry will retry, error on last attempt: Error: getaddrinfo ENOTFOUND registry.npmjs.org registry.npmjs.org:443
243 info retry will retry, error on last attempt: Error: getaddrinfo ENOTFOUND registry.npmjs.org registry.npmjs.org:443
244 info attempt registry request try #2 at 3:21:58 AM
245 verbose etag W/"59f7fa9b-27c57"
246 verbose lastModified Tue, 31 Oct 2017 04:22:51 GMT
247 http request GET https://registry.npmjs.org/@angular%2fplatform-browser
248 info attempt registry request try #2 at 3:21:58 AM
249 verbose etag W/"59f7faa5-2e8ff"
250 verbose lastModified Tue, 31 Oct 2017 04:23:01 GMT
251 http request GET https://registry.npmjs.org/@angular%2frouter
252 info retry will retry, error on last attempt: Error: getaddrinfo ENOTFOUND registry.npmjs.org registry.npmjs.org:443
253 info retry will retry, error on last attempt: Error: getaddrinfo ENOTFOUND registry.npmjs.org registry.npmjs.org:443
254 verbose stack Error: kill ENOSYS
254 verbose stack     at Object.exports._errnoException (util.js:1020:11)
254 verbose stack     at process.kill (internal/process.js:191:18)
254 verbose stack     at process.listener (C:\Program Files\nodejs\node_modules\npm\node_modules\npmlog\node_modules\gauge\node_modules\signal-exit\index.js:86:15)
254 verbose stack     at emitNone (events.js:91:20)
254 verbose stack     at process.emit (events.js:185:7)
254 verbose stack     at processEmit (C:\Program Files\nodejs\node_modules\npm\node_modules\npmlog\node_modules\gauge\node_modules\signal-exit\index.js:146:32)
254 verbose stack     at processEmit (C:\Program Files\nodejs\node_modules\npm\node_modules\npm-registry-client\node_modules\npmlog\node_modules\gauge\node_modules\signal-exit\index.js:146:32)
254 verbose stack     at Signal.wrap.onsignal (internal/process.js:217:44)
255 verbose cwd C:\Users\ABHISHEK GAUTAM\Angular
256 error Windows_NT 6.1.7601
257 error argv "C:\\Program Files\\nodejs\\node.exe" "C:\\Program Files\\nodejs\\node_modules\\npm\\bin\\npm-cli.js" "--quiet" "install"
258 error node v6.11.4
259 error npm  v3.10.10
260 error code ENOSYS
261 error errno ENOSYS
262 error syscall kill
263 error kill ENOSYS
264 error If you need help, you may report this error at:
264 error     <https://github.com/npm/npm/issues>
265 verbose exit [ 1, true ]
